0 info it worked if it ends with ok
1 verbose cli [ '/Users/feiyu06/.nvm/versions/node/v6.2.1/bin/node',
1 verbose cli   '/Users/feiyu06/.nvm/versions/node/v6.2.1/bin/npm',
1 verbose cli   'run',
1 verbose cli   'start-dev-server' ]
2 info using npm@3.9.3
3 info using node@v6.2.1
4 verbose stack Error: ENOENT: no such file or directory, open '/Users/feiyu06/Projects2016/ml/linear_regression/package.json'
4 verbose stack     at Error (native)
5 verbose cwd /Users/feiyu06/Projects2016/ml/linear_regression
6 error Darwin 15.6.0
7 error argv "/Users/feiyu06/.nvm/versions/node/v6.2.1/bin/node" "/Users/feiyu06/.nvm/versions/node/v6.2.1/bin/npm" "run" "start-dev-server"
8 error node v6.2.1
9 error npm  v3.9.3
10 error path /Users/feiyu06/Projects2016/ml/linear_regression/package.json
11 error code ENOENT
12 error errno -2
13 error syscall open
14 error enoent ENOENT: no such file or directory, open '/Users/feiyu06/Projects2016/ml/linear_regression/package.json'
15 error enoent ENOENT: no such file or directory, open '/Users/feiyu06/Projects2016/ml/linear_regression/package.json'
15 error enoent This is most likely not a problem with npm itself
15 error enoent and is related to npm not being able to find a file.
16 verbose exit [ -2, true ]
